Building /home/josh/claw-code/DeFide/app/src/main/assets/databases/defide_content.db ...
Schema created.
Compiling Bible (DRA)...
   1. Genesis (1529 verses so far)
   2. Exodus (2740 verses so far)
   3. Leviticus (3598 verses so far)
   4. Numbers (4869 verses so far)
   5. Deuteronomy (5829 verses so far)
   6. Joshua (6412 verses so far)
   7. Judges (6940 verses so far)
   8. Ruth (6984 verses so far)
   9. 1 Samuel (7795 verses so far)
  10. 2 Samuel (8464 verses so far)
  11. 1 Kings (9281 verses so far)
  12. 2 Kings (10000 verses so far)
  13. 1 Chronicles (10877 verses so far)
  14. 2 Chronicles (11699 verses so far)
  15. Ezra (11979 verses so far)
  16. Nehemiah (12301 verses so far)
  17. Tobit (12599 verses so far)
  18. Judith (12856 verses so far)
  19. Esther (13082 verses so far)
  20. 1 Maccabees (14007 verses so far)
  21. 2 Maccabees (14524 verses so far)
  22. Job (15028 verses so far)
  23. Psalms (17550 verses so far)
  24. Proverbs (18375 verses so far)
  25. Ecclesiastes (18597 verses so far)
  26. Song of Songs (18713 verses so far)
  27. Wisdom (19152 verses so far)
  28. Sirach (20645 verses so far)
  29. Isaiah (21936 verses so far)
  30. Jeremiah (23294 verses so far)
  31. Lamentations (23448 verses so far)
  32. Baruch (23661 verses so far)
  33. Ezekiel (24847 verses so far)
  34. Daniel (25378 verses so far)
  35. Hosea (25531 verses so far)
  36. Joel (25604 verses so far)
  37. Amos (25718 verses so far)
  38. Obadiah (25739 verses so far)
  39. Jonah (25787 verses so far)
  40. Micah (25878 verses so far)
  41. Nahum (25925 verses so far)
  42. Habakkuk (25981 verses so far)
  43. Zephaniah (26034 verses so far)
  44. Haggai (26072 verses so far)
  45. Zechariah (26245 verses so far)
  46. Malachi (26300 verses so far)
  47. Matthew (27370 verses so far)
  48. Mark (28047 verses so far)
  49. Luke (29198 verses so far)
  50. John (30021 verses so far)
  51. Acts (31025 verses so far)
  52. Romans (31458 verses so far)
  53. 1 Corinthians (31882 verses so far)
  54. 2 Corinthians (32137 verses so far)
  55. Galatians (32286 verses so far)
  56. Ephesians (32441 verses so far)
  57. Philippians (32545 verses so far)
  58. Colossians (32640 verses so far)
  59. 1 Thessalonians (32728 verses so far)
  60. 2 Thessalonians (32774 verses so far)
  61. 1 Timothy (32887 verses so far)
  62. 2 Timothy (32970 verses so far)
  63. Titus (33016 verses so far)
  64. Philemon (33041 verses so far)
  65. Hebrews (33344 verses so far)
  66. James (33452 verses so far)
  67. 1 Peter (33557 verses so far)
  68. 2 Peter (33618 verses so far)
  69. 1 John (33723 verses so far)
  70. 2 John (33736 verses so far)
  71. 3 John (33750 verses so far)
  72. Jude (33775 verses so far)
  73. Revelation (34180 verses so far)
  Douay-Rheims 1899 American Edition: 34180 total verses indexed.
Compiling Bible (Latin Vulgate)...
   1. Genesis (1530 verses so far)
   2. Exodus (2741 verses so far)
   3. Leviticus (3599 verses so far)
   4. Numeri (4887 verses so far)
   5. Deuteronomium (5846 verses so far)
   6. Iosue (6504 verses so far)
   7. Iudicum (7122 verses so far)
   8. Ruth (7207 verses so far)
   9. I Regum (8018 verses so far)
  10. II Regum (8712 verses so far)
  11. III Regum (9529 verses so far)
  12. IV Regum (10248 verses so far)
  13. I Paralipomenon (11187 verses so far)
  14. II Paralipomenon (12009 verses so far)
  15. I Esdrae (12289 verses so far)
  16. II Esdrae (12693 verses so far)
  17. Tobias (12991 verses so far)
  18. Iudith (13337 verses so far)
  19. Esther (13611 verses so far)
  20. I Machabaeorum (14540 verses so far)
  22. Iob (15610 verses so far)
  23. Psalmi (18145 verses so far)
  24. Proverbia (19060 verses so far)
  25. Ecclesiastes (19282 verses so far)
  26. Canticum Canticorum (19409 verses so far)
  27. Sapientia (19848 verses so far)
  28. Ecclesiasticus (21448 verses so far)
  29. Isaias (22741 verses so far)
  30. Ieremias (24104 verses so far)
  31. Threni (24261 verses so far)
  32. Baruch (24474 verses so far)
  33. Ezechiel (25746 verses so far)
  34. Daniel (26277 verses so far)
  35. Osee (26475 verses so far)
  36. Ioel (26548 verses so far)
  37. Amos (26695 verses so far)
  38. Abdias (26716 verses so far)
  39. Ionas (26764 verses so far)
  40. Micheas (26868 verses so far)
  41. Nahum (26915 verses so far)
  42. Habacuc (26971 verses so far)
  43. Sophonias (27024 verses so far)
  44. Aggaeus (27062 verses so far)
  45. Zacharias (27273 verses so far)
  46. Malachias (27328 verses so far)
  47. Matthaeus (28398 verses so far)
  48. Marcus (29075 verses so far)
  49. Lucas (30226 verses so far)
  50. Ioannes (31106 verses so far)
  51. Actus Apostolorum (32110 verses so far)
  52. Ad Romanos (32543 verses so far)
  53. Ad Corinthios I (32980 verses so far)
  54. Ad Corinthios II (33236 verses so far)
  55. Ad Galatas (33385 verses so far)
  56. Ad Ephesios (33540 verses so far)
  57. Ad Philippenses (33644 verses so far)
  58. Ad Colossenses (33739 verses so far)
  59. Ad Thessalonicenses I (33828 verses so far)
  60. Ad Thessalonicenses II (33874 verses so far)
  61. Ad Timotheum I (33987 verses so far)
  62. Ad Timotheum II (34070 verses so far)
  63. Ad Titum (34116 verses so far)
  64. Ad Philemonem (34141 verses so far)
  65. Ad Hebraeos (34444 verses so far)
  66. Epistola Iacobi (34552 verses so far)
  67. Epistola Petri I (34657 verses so far)
  68. Epistola Petri II (34718 verses so far)
  69. Epistola Ioannis I (34823 verses so far)
  70. Epistola Ioannis II (34836 verses so far)
  71. Epistola Ioannis III (34850 verses so far)
  72. Epistola Iudae (34875 verses so far)
  73. Apocalypsis (35280 verses so far)
  Latin Vulgate: 35280 total verses indexed.
Compiling Bible (Latin Vulgate — English Translation)...
   1. Genesis (1530 verses so far)
   2. Exodus (2741 verses so far)
   3. Leviticus (3599 verses so far)
   4. Numbers (4887 verses so far)
   5. Deuteronomy (5846 verses so far)
   6. Joshua (6504 verses so far)
   7. Judges (7122 verses so far)
   8. Ruth (7207 verses so far)
   9. 1 Samuel (8018 verses so far)
  10. 2 Samuel (8712 verses so far)
  11. 1 Kings (9529 verses so far)
  12. 2 Kings (10248 verses so far)
  13. 1 Chronicles (11187 verses so far)
  14. 2 Chronicles (12009 verses so far)
  15. Ezra (12289 verses so far)
  16. Nehemiah (12693 verses so far)
  17. Tobit (12991 verses so far)
  18. Judith (13337 verses so far)
  19. Esther (13611 verses so far)
  20. 1 Maccabees (14540 verses so far)
  22. Job (15610 verses so far)
  23. Psalms (18145 verses so far)
  24. Proverbs (19060 verses so far)
  25. Ecclesiastes (19282 verses so far)
  26. Song of Songs (19409 verses so far)
  27. Wisdom (19848 verses so far)
  28. Sirach (21448 verses so far)
  29. Isaiah (22741 verses so far)
  30. Jeremiah (24104 verses so far)
  31. Lamentations (24261 verses so far)
  32. Baruch (24474 verses so far)
  33. Ezekiel (25746 verses so far)
  34. Daniel (26277 verses so far)
  35. Hosea (26475 verses so far)
  36. Joel (26548 verses so far)
  37. Amos (26695 verses so far)
  38. Obadiah (26716 verses so far)
  39. Jonah (26764 verses so far)
  40. Micah (26868 verses so far)
  41. Nahum (26915 verses so far)
  42. Habakkuk (26971 verses so far)
  43. Zephaniah (27024 verses so far)
  44. Haggai (27062 verses so far)
  45. Zechariah (27273 verses so far)
  46. Malachi (27328 verses so far)
  47. Matthew (28398 verses so far)
  48. Mark (29075 verses so far)
  49. Luke (30226 verses so far)
  50. John (31106 verses so far)
  51. Acts (32110 verses so far)
  52. Romans (32543 verses so far)
  53. 1 Corinthians (32980 verses so far)
  54. 2 Corinthians (33236 verses so far)
  55. Galatians (33385 verses so far)
  56. Ephesians (33540 verses so far)
  57. Philippians (33644 verses so far)
  58. Colossians (33739 verses so far)
  59. 1 Thessalonians (33828 verses so far)
  60. 2 Thessalonians (33874 verses so far)
  61. 1 Timothy (33987 verses so far)
  62. 2 Timothy (34070 verses so far)
  63. Titus (34116 verses so far)
  64. Philemon (34141 verses so far)
  65. Hebrews (34444 verses so far)
  66. James (34552 verses so far)
  67. 1 Peter (34657 verses so far)
  68. 2 Peter (34718 verses so far)
  69. 1 John (34823 verses so far)
  70. 2 John (34836 verses so far)
  71. 3 John (34850 verses so far)
  72. Jude (34875 verses so far)
  73. Revelation (35280 verses so far)
  Latin Vulgate (English Translation): 35280 total verses indexed.
Compiling Bible (World English Bible — Catholic Edition)...
   1. Genesis (1533 verses so far)
   2. Exodus (2746 verses so far)
   3. Leviticus (3605 verses so far)
   4. Numbers (4893 verses so far)
   5. Deuteronomy (5852 verses so far)
   6. Joshua (6510 verses so far)
   7. Judges (7128 verses so far)
   8. Ruth (7213 verses so far)
   9. 1 Samuel (8023 verses so far)
  10. 2 Samuel (8718 verses so far)
  11. 1 Kings (9534 verses so far)
  12. 2 Kings (10253 verses so far)
  13. 1 Chronicles (11195 verses so far)
  14. 2 Chronicles (12017 verses so far)
  15. Ezra (12297 verses so far)
  16. Nehemiah (12703 verses so far)
  17. Tobit (12947 verses so far)
  18. Judith (13286 verses so far)
  19. Esther (13491 verses so far)
  20. 1 Maccabees (14415 verses so far)
  21. 2 Maccabees (14970 verses so far)
  22. Job (16040 verses so far)
  23. Psalms (18501 verses so far)
  24. Proverbs (19416 verses so far)
  25. Ecclesiastes (19638 verses so far)
  26. Song of Songs (19755 verses so far)
  27. Wisdom (20191 verses so far)
  28. Sirach (21550 verses so far)
  29. Isaiah (22842 verses so far)
  30. Jeremiah (24206 verses so far)
  31. Lamentations (24360 verses so far)
  32. Baruch (24573 verses so far)
  33. Ezekiel (25846 verses so far)
  34. Daniel (26376 verses so far)
  35. Hosea (26573 verses so far)
  36. Joel (26646 verses so far)
  37. Amos (26792 verses so far)
  38. Obadiah (26813 verses so far)
  39. Jonah (26861 verses so far)
  40. Micah (26966 verses so far)
  41. Nahum (27013 verses so far)
  42. Habakkuk (27069 verses so far)
  43. Zephaniah (27122 verses so far)
  44. Haggai (27160 verses so far)
  45. Zechariah (27371 verses so far)
  46. Malachi (27426 verses so far)
  47. Matthew (28497 verses so far)
  48. Mark (29175 verses so far)
  49. Luke (30325 verses so far)
  50. John (31204 verses so far)
  51. Acts (32208 verses so far)
  52. Romans (32641 verses so far)
  53. 1 Corinthians (33078 verses so far)
  54. 2 Corinthians (33335 verses so far)
  55. Galatians (33484 verses so far)
  56. Ephesians (33639 verses so far)
  57. Philippians (33743 verses so far)
  58. Colossians (33838 verses so far)
  59. 1 Thessalonians (33927 verses so far)
  60. 2 Thessalonians (33974 verses so far)
  61. 1 Timothy (34087 verses so far)
  62. 2 Timothy (34170 verses so far)
  63. Titus (34216 verses so far)
  64. Philemon (34241 verses so far)
  65. Hebrews (34544 verses so far)
  66. James (34652 verses so far)
  67. 1 Peter (34757 verses so far)
  68. 2 Peter (34818 verses so far)
  69. 1 John (34923 verses so far)
  70. 2 John (34936 verses so far)
  71. 3 John (34950 verses so far)
  72. Jude (34975 verses so far)
  73. Revelation (35379 verses so far)
  World English Bible (Catholic): 35379 total verses indexed.
Compiling Bible (Bíblia Ave-Maria — Portuguese)...
   1. Gênesis (1533 verses so far)
   2. Êxodo (2746 verses so far)
   3. Levítico (3605 verses so far)
   4. Números (4890 verses so far)
   5. Deuteronômio (5848 verses so far)
   6. Josué (6430 verses so far)
   7. Juízes (7049 verses so far)
   8. Rute (7134 verses so far)
   9. I Samuel (7944 verses so far)
  10. II Samuel (8637 verses so far)
  11. I Reis (9451 verses so far)
  12. II Reis (10165 verses so far)
  13. I Crônicas (10981 verses so far)
  14. II Crônicas (11801 verses so far)
  15. Esdras (12044 verses so far)
  16. Neemias (12370 verses so far)
  17. Tobias (12667 verses so far)
  18. Judite (13006 verses so far)
  19. Ester (13281 verses so far)
  20. I Macabeus (14207 verses so far)
  21. II Macabeus (14762 verses so far)
  22. Jó (15832 verses so far)
  23. Salmos (18355 verses so far)
  24. Provérbios (19270 verses so far)
  25. Eclesiastes (19491 verses so far)
  26. Cântico dos Cânticos (19608 verses so far)
  27. Sabedoria (20043 verses so far)
  28. Eclesiástico (21634 verses so far)
  29. Isaías (22920 verses so far)
  30. Jeremias (24283 verses so far)
  31. Lamentações (24437 verses so far)
  32. Baruc (24649 verses so far)
  33. Ezequiel (25919 verses so far)
  34. Daniel (26449 verses so far)
  35. Oséias (26646 verses so far)
  36. Joel (26719 verses so far)
  37. Amós (26865 verses so far)
  38. Abdias (26886 verses so far)
  39. Jonas (26933 verses so far)
  40. Miquéias (27038 verses so far)
  41. Naum (27085 verses so far)
  42. Habacuc (27141 verses so far)
  43. Sofonias (27194 verses so far)
  44. Ageu (27232 verses so far)
  45. Zacarias (27443 verses so far)
  46. Malaquias (27498 verses so far)
  47. São Mateus (28568 verses so far)
  48. São Marcos (29246 verses so far)
  49. São Lucas (30397 verses so far)
  50. São João (31276 verses so far)
  51. Atos dos Apóstolos (32281 verses so far)
  52. Romanos (32715 verses so far)
  53. I Coríntios (33153 verses so far)
  54. II Coríntios (33409 verses so far)
  55. Gálatas (33557 verses so far)
  56. Efésios (33712 verses so far)
  57. Filipenses (33816 verses so far)
  58. Colossenses (33911 verses so far)
  59. I Tessalonicenses (34000 verses so far)
  60. II Tessalonicenses (34046 verses so far)
  61. I Timóteo (34159 verses so far)
  62. II Timóteo (34242 verses so far)
  63. Tito (34288 verses so far)
  64. Filêmon (34313 verses so far)
  65. Hebreus (34615 verses so far)
  66. São Tiago (34723 verses so far)
  67. I São Pedro (34827 verses so far)
  68. II São Pedro (34888 verses so far)
  69. I São João (34993 verses so far)
  70. II São João (35006 verses so far)
  71. III São João (35021 verses so far)
  72. São Judas (35046 verses so far)
  73. Apocalipse (35450 verses so far)
  Bíblia Ave-Maria: 35450 total verses indexed.
Compiling Bible (Bíblia dos Capuchinhos — European Portuguese)...
   1. Génesis (1533 verses so far)
   2. Êxodo (2746 verses so far)
   3. Levítico (3605 verses so far)
   4. Números (4894 verses so far)
   5. Deuteronómio (5853 verses so far)
   6. Josué (6511 verses so far)
   7. Juízes (7130 verses so far)
   8. Rute (7215 verses so far)
   9. 1 Samuel (8026 verses so far)
  10. 2 Samuel (8721 verses so far)
  11. 1 Reis (9538 verses so far)
  12. 2 Reis (10257 verses so far)
  13. 1 Crónicas (11200 verses so far)
  14. 2 Crónicas (12022 verses so far)
  15. Esdras (12302 verses so far)
  16. Neemias (12707 verses so far)
  17. Tobite (12955 verses so far)
  18. Judite (13295 verses so far)
  19. Ester (13460 verses so far)
  20. 1 Macabeus (14385 verses so far)
  21. 2 Macabeus (14940 verses so far)
  22. Job (16010 verses so far)
  23. Salmos (18537 verses so far)
  24. Provérbios (19452 verses so far)
  25. Eclesiastes (19674 verses so far)
  26. Cântico dos Cânticos (19791 verses so far)
  27. Sabedoria (20226 verses so far)
  28. Eclesiástico (21629 verses so far)
  29. Isaías (22920 verses so far)
  30. Jeremias (24284 verses so far)
  31. Lamentações (24438 verses so far)
  32. Baruc (24651 verses so far)
  33. Ezequiel (25924 verses so far)
  34. Daniel (26455 verses so far)
  35. Oseias (26652 verses so far)
  36. Joel (26725 verses so far)
  37. Amós (26871 verses so far)
  38. Abdias (26892 verses so far)
  39. Jonas (26940 verses so far)
  40. Miqueias (27045 verses so far)
  41. Naum (27092 verses so far)
  42. Habacuc (27148 verses so far)
  43. Sofonias (27201 verses so far)
  44. Ageu (27239 verses so far)
  45. Zacarias (27441 verses so far)
  46. Malaquias (27496 verses so far)
  47. Mateus (28567 verses so far)
  48. Marcos (29245 verses so far)
  49. Lucas (30395 verses so far)
  50. João (31274 verses so far)
  51. Atos dos Apóstolos (32280 verses so far)
  52. Romanos (32713 verses so far)
  53. 1 Coríntios (33150 verses so far)
  54. 2 Coríntios (33406 verses so far)
  55. Gálatas (33555 verses so far)
  56. Efésios (33710 verses so far)
  57. Filipenses (33814 verses so far)
  58. Colossenses (33909 verses so far)
  59. 1 Tessalonicenses (33998 verses so far)
  60. 2 Tessalonicenses (34045 verses so far)
  61. 1 Timóteo (34158 verses so far)
  62. 2 Timóteo (34241 verses so far)
  63. Tito (34287 verses so far)
  64. Filémon (34312 verses so far)
  65. Hebreus (34615 verses so far)
  66. Tiago (34723 verses so far)
  67. 1 Pedro (34828 verses so far)
  68. 2 Pedro (34889 verses so far)
  69. 1 João (34994 verses so far)
  70. 2 João (35007 verses so far)
  71. 3 João (35022 verses so far)
  72. Judas (35047 verses so far)
  73. Apocalipse (35452 verses so far)
  Bíblia Sagrada (Capuchinhos): 35452 total verses indexed.
Compiling Bible (Crampon 1923 — French)...
   1. Genèse (1533 verses so far)
   2. Exode (2746 verses so far)
   3. Lévitique (3605 verses so far)
   4. Nombres (4894 verses so far)
   5. Deutéronome (5850 verses so far)
   6. Josué (6506 verses so far)
   7. Juges (7124 verses so far)
   8. Ruth (7209 verses so far)
   9. 1 Samuel (8020 verses so far)
  10. 2 Samuel (8715 verses so far)
  11. 1 Rois (9532 verses so far)
  12. 2 Rois (10251 verses so far)
  13. 1 Chroniques (11192 verses so far)
  14. 2 Chroniques (12014 verses so far)
  15. Esdras (12294 verses so far)
  16. Néhémie (12700 verses so far)
  17. Tobie (12946 verses so far)
  18. Judith (13292 verses so far)
  19. Esther (13567 verses so far)
  20. 1 Maccabées (14492 verses so far)
  21. 2 Maccabées (15048 verses so far)
  22. Job (16118 verses so far)
  23. Psaumes (18646 verses so far)
  24. Proverbes (19561 verses so far)
  25. Ecclésiaste (19782 verses so far)
  26. Cantique des Cantiques (19899 verses so far)
  27. Sagesse (20327 verses so far)
  28. Siracide (21690 verses so far)
  29. Isaïe (22980 verses so far)
  30. Jérémie (24344 verses so far)
  31. Lamentations (24498 verses so far)
  32. Baruch (24711 verses so far)
  33. Ézéchiel (25984 verses so far)
  34. Daniel (26514 verses so far)
  35. Osée (26711 verses so far)
  36. Joël (26784 verses so far)
  37. Amos (26930 verses so far)
  38. Abdias (26951 verses so far)
  39. Jonas (26999 verses so far)
  40. Michée (27104 verses so far)
  41. Nahoum (27151 verses so far)
  42. Habacuc (27207 verses so far)
  43. Sophonie (27260 verses so far)
  44. Aggée (27298 verses so far)
  45. Zacharie (27509 verses so far)
  46. Malachie (27564 verses so far)
  47. Matthieu (28625 verses so far)
  48. Marc (29303 verses so far)
  49. Luc (30454 verses so far)
  50. Jean (31333 verses so far)
  51. Actes des Apôtres (32339 verses so far)
  52. Romains (32772 verses so far)
  53. 1 Corinthiens (33209 verses so far)
  54. 2 Corinthiens (33465 verses so far)
  55. Galates (33614 verses so far)
  56. Éphésiens (33769 verses so far)
  57. Philippiens (33873 verses so far)
  58. Colossiens (33968 verses so far)
  59. 1 Thessaloniciens (34057 verses so far)
  60. 2 Thessaloniciens (34104 verses so far)
  61. 1 Timothée (34217 verses so far)
  62. 2 Timothée (34300 verses so far)
  63. Tite (34346 verses so far)
  64. Philémon (34371 verses so far)
  65. Hébreux (34674 verses so far)
  66. Jacques (34782 verses so far)
  67. 1 Pierre (34887 verses so far)
  68. 2 Pierre (34948 verses so far)
  69. 1 Jean (35053 verses so far)
  70. 2 Jean (35066 verses so far)
  71. 3 Jean (35081 verses so far)
  72. Jude (35106 verses so far)
  73. Apocalypse (35511 verses so far)
  Crampon 1923: 35511 total verses indexed.
Compiling Bible (Biblija RK K1998 — Lithuanian)...
   1. Pradžios knyga (1533 verses so far)
   2. Išėjimo knyga (2745 verses so far)
   3. Kunigų knyga (3603 verses so far)
   4. Skaičių knyga (4893 verses so far)
   5. Pakartoto Įstatymo knyga (5851 verses so far)
   6. Jozuės knyga (6508 verses so far)
   7. Teisėjų knyga (7125 verses so far)
   8. Rutos knyga (7210 verses so far)
   9. 1 Samuelio knyga (8020 verses so far)
  10. 2 Samuelio knyga (8715 verses so far)
  11. 1 Karalių knyga (9532 verses so far)
  12. 2 Karalių knyga (10250 verses so far)
  13. 1 Kronikų knyga (11193 verses so far)
  14. 2 Kronikų knyga (12016 verses so far)
  15. Ezdro knyga (12296 verses so far)
  16. Nehemijo knyga (12699 verses so far)
  17. Tobito knyga (12944 verses so far)
  18. Juditos knyga (13284 verses so far)
  19. Esteros knyga (13523 verses so far)
  20. 1 Makabiejų knyga (14443 verses so far)
  21. 2 Makabiejų knyga (14999 verses so far)
  22. Jobo knyga (16069 verses so far)
  23. Psalmių knyga (18597 verses so far)
  24. Patarlių knyga (19511 verses so far)
  25. Koheleto knyga (19733 verses so far)
  26. Giesmių Giesmė (19850 verses so far)
  27. Išminties knyga (20285 verses so far)
  28. Siracido knyga (21695 verses so far)
  29. Izaijo knyga (22984 verses so far)
  30. Jeremijo knyga (24345 verses so far)
  31. Raudų knyga (24499 verses so far)
  32. Barucho knyga (24711 verses so far)
  33. Ezekielio knyga (25983 verses so far)
  34. Danieliaus knyga (26514 verses so far)
  35. Ozėjo knyga (26711 verses so far)
  36. Joelio knyga (26784 verses so far)
  37. Amoso knyga (26930 verses so far)
  38. Abdijo knyga (26951 verses so far)
  39. Jonos knyga (26999 verses so far)
  40. Michėjo knyga (27104 verses so far)
  41. Nahumo knyga (27151 verses so far)
  42. Habakuko knyga (27207 verses so far)
  43. Sofonijo knyga (27260 verses so far)
  44. Agėjo knyga (27298 verses so far)
  45. Zacharijo knyga (27509 verses so far)
  46. Malachijo knyga (27564 verses so far)
  47. Evangelija pagal Matą (28632 verses so far)
  48. Evangelija pagal Morkų (29305 verses so far)
  49. Evangelija pagal Luką (30454 verses so far)
  50. Evangelija pagal Joną (31332 verses so far)
  51. Apaštalų darbai (32333 verses so far)
  52. Laiškas romiečiams (32764 verses so far)
  53. Pirmasis laiškas korintiečiams (33202 verses so far)
  54. Antrasis laiškas korintiečiams (33458 verses so far)
  55. Laiškas galatams (33607 verses so far)
  56. Laiškas efeziečiams (33762 verses so far)
  57. Laiškas filipiečiams (33866 verses so far)
  58. Laiškas kolosiečiams (33961 verses so far)
  59. Pirmasis laiškas tesalonikiečiams (34050 verses so far)
  60. Antrasis laiškas tesalonikiečiams (34097 verses so far)
  61. Pirmasis laiškas Timotiejui (34210 verses so far)
  62. Antrasis laiškas Timotiejui (34293 verses so far)
  63. Laiškas Titui (34339 verses so far)
  64. Laiškas Filemonui (34364 verses so far)
  65. Laiškas žydams (34667 verses so far)
  66. Jokūbo laiškas (34775 verses so far)
  67. Pirmasis Petro laiškas (34880 verses so far)
  68. Antrasis Petro laiškas (34941 verses so far)
  69. Pirmasis Jono laiškas (35046 verses so far)
  70. Antrasis Jono laiškas (35059 verses so far)
  71. Trečiasis Jono laiškas (35074 verses so far)
  72. Judo laiškas (35099 verses so far)
  73. Apreiškimas Jonui (35504 verses so far)
  Biblija (RK, K1998): 35504 total verses indexed.
Compiling Bible (Biblia Platense — Spanish)...
   1. Génesis (1530 verses so far)
   2. Éxodo (2737 verses so far)
   3. Levítico (3595 verses so far)
   4. Números (4880 verses so far)
   5. Deuteronomio (5838 verses so far)
   6. Josué (6494 verses so far)
   7. Jueces (7111 verses so far)
   8. Rut (7196 verses so far)
   9. 1 Samuel (8006 verses so far)
  10. 2 Samuel (8701 verses so far)
  11. 1 Reyes (9518 verses so far)
  12. 2 Reyes (10237 verses so far)
  13. 1 Crónicas (11177 verses so far)
  14. 2 Crónicas (11999 verses so far)
  15. Esdras (12279 verses so far)
  16. Nehemías (12683 verses so far)
  17. Tobías (12981 verses so far)
  18. Judit (13327 verses so far)
  19. Ester (13602 verses so far)
  20. 1 Macabeos (14531 verses so far)
  21. 2 Macabeos (15089 verses so far)
  22. Job (16159 verses so far)
  23. Salmos (18683 verses so far)
  24. Proverbios (19598 verses so far)
  25. Eclesiastés (19820 verses so far)
  26. Cantar de los Cantares (19936 verses so far)
  27. Sabiduría (20375 verses so far)
  28. Eclesiástico (21967 verses so far)
  29. Isaías (23259 verses so far)
  30. Jeremías (24622 verses so far)
  31. Lamentaciones (24776 verses so far)
  32. Baruc (24989 verses so far)
  33. Ezequiel (26261 verses so far)
  34. Daniel (26792 verses so far)
  35. Oseas (26990 verses so far)
  36. Joel (27063 verses so far)
  37. Amós (27210 verses so far)
  38. Abdías (27231 verses so far)ERROR: name 'entries' is not defined

  39. Jonás (27278 verses so far)
  40. Miqueas (27382 verses so far)
  41. Nahúm (27429 verses so far)
  42. Habacuc (27485 verses so far)
  43. Sofonías (27538 verses so far)
  44. Ageo (27576 verses so far)
  45. Zacarías (27787 verses so far)
  46. Malaquías (27842 verses so far)
  47. San Mateo (28912 verses so far)
  48. San Marcos (29588 verses so far)
  49. San Lucas (30738 verses so far)
  50. San Juan (31617 verses so far)
  51. Hechos de los Apóstoles (32620 verses so far)
  52. Romanos (33053 verses so far)
  53. 1 Corintios (33490 verses so far)
  54. 2 Corintios (33746 verses so far)
  55. Gálatas (33895 verses so far)
  56. Efesios (34050 verses so far)
  57. Filipenses (34154 verses so far)
  58. Colosenses (34249 verses so far)
  59. 1 Tesalonicenses (34338 verses so far)
  60. 2 Tesalonicenses (34385 verses so far)
  61. 1 Timoteo (34498 verses so far)
  62. 2 Timoteo (34581 verses so far)
  63. Tito (34627 verses so far)
  64. Filemón (34652 verses so far)
  65. Hebreos (34955 verses so far)
  66. Santiago (35063 verses so far)
  67. 1 Pedro (35168 verses so far)
  68. 2 Pedro (35229 verses so far)
  69. 1 Juan (35334 verses so far)
  70. 2 Juan (35347 verses so far)
  71. 3 Juan (35361 verses so far)
  72. Judas (35386 verses so far)
  73. Apocalipsis (35791 verses so far)
  Biblia Platense (Straubinger): 35791 total verses indexed.
Compiling Bible (思高圣经 — Chinese)...
  思高圣经: 24291 total verses indexed.
Compiling Catechism...
  Catechism: 2865 paragraphs with structural metadata.
Compiling Prayers...
  Prayers (en): 26 entries indexed.
  Prayers (la): 26 entries indexed.
  Prayers (pt-BR): 26 entries indexed.
  Prayers (pt-PT): 28 entries indexed.
  Prayers (fr): 6 entries indexed.
  Prayers (lt): 6 entries indexed.
  Prayers (es): 26 entries indexed.
Compiling Novenas...
  Novenas (en): 7 entries loaded.
  Novenas (pt-BR): 5 entries loaded.
  Novenas (pt-PT): 6 entries loaded.
  Novenas (fr): 7 entries loaded.
  Novenas (es): 2 entries loaded.
Compiling Rosary...
  Joyful Mysteries (dominican): 77 beads
  Sorrowful Mysteries (dominican): 77 beads
  Glorious Mysteries (dominican): 77 beads
  Luminous Mysteries (Mysteries of Light) (dominican): 77 beads
  Rosary (en, dominican): 4 mystery sets, 308 total beads.
  Mysteria Gaudiósa (dominican): 77 beads
  Mysteria Dolorósa (dominican): 77 beads
  Mysteria Gloriósa (dominican): 77 beads
  Mysteria Luminósa (dominican): 77 beads
  Rosary (la, dominican): 4 mystery sets, 308 total beads.
  Mistérios Gozosos (dominican): 77 beads
  Mistérios Dolorosos (dominican): 77 beads
  Mistérios Gloriosos (dominican): 77 beads
  Mistérios Luminosos (dominican): 77 beads
  Rosary (pt-BR, dominican): 4 mystery sets, 308 total beads.
  Mistérios Gozosos (dominican): 77 beads
  Mistérios Dolorosos (dominican): 77 beads
  Mistérios Gloriosos (dominican): 77 beads
  Mistérios Luminosos (dominican): 77 beads
  Rosary (pt-PT, dominican): 4 mystery sets, 308 total beads.
  Mistérios Gozosos (fatima): 81 beads
  Mistérios Dolorosos (fatima): 81 beads
  Mistérios Gloriosos (fatima): 81 beads
  Mistérios Luminosos (fatima): 81 beads
  Rosary (pt-PT, fatima): 4 mystery sets, 324 total beads.
  Mystères Joyeux (dominican): 77 beads
  Mystères Douloureux (dominican): 77 beads
  Mystères Glorieux (dominican): 77 beads
  Mystères Lumineux (dominican): 77 beads
  Rosary (fr, dominican): 4 mystery sets, 308 total beads.
  Džiaugsmingosios paslaptys (dominican): 77 beads
  Skausmingosios paslaptys (dominican): 77 beads
  Garbingosios paslaptys (dominican): 77 beads
  Šviesos paslaptys (dominican): 77 beads
  Rosary (lt, dominican): 4 mystery sets, 308 total beads.
  Misterios Gozosos (dominican): 77 beads
  Misterios Dolorosos (dominican): 77 beads
  Misterios Gloriosos (dominican): 77 beads
  Misterios Luminosos (Misterios de Luz) (dominican): 77 beads
  Rosary (es, dominican): 4 mystery sets, 308 total beads.
Compiling Saints...
  Saints (en): 53 entries loaded.
  Saints (es): 53 entries loaded.
  Saints (fr): 53 entries loaded.
  Saints (lt): 53 entries loaded.
  Saints (pt-BR): 53 entries loaded.
  Saints (pt-PT): 53 entries loaded.
  Saints (zh-CN): 53 entries loaded.
  Baltimore Catechism: 286 entries indexed.
  Compendium Catechism: 157 questions loaded.
Traceback (most recent call last):
  File "/home/josh/claw-code/DeFide/scripts/compile_content.py", line 3982, in <module>
    main()
    ~~~~^^
  File "/home/josh/claw-code/DeFide/scripts/compile_content.py", line 3960, in main
    compile_compendium_catechism(conn)
    ~~~~~~~~~~~~~~~~~~~~~~~~~~~~^^^^^^
  File "/home/josh/claw-code/DeFide/scripts/compile_content.py", line 3199, in compile_compendium_catechism
    print(f"  Baltimore Catechism: {len(entries)} entries indexed.")
                                        ^^^^^^^
NameError: name 'entries' is not defined
EXIT:1
